#
# There is insufficient memory for the Java Runtime Environment to continue.
# Native memory allocation (malloc) failed to allocate 2705456 bytes for Chunk::new
# Possible reasons:
#   The system is out of physical RAM or swap space
#   The process is running with CompressedOops enabled, and the Java Heap may be blocking the growth of the native heap
# Possible solutions:
#   Reduce memory load on the system
#   Increase physical memory or swap space
#   Check if swap backing store is full
#   Decrease Java heap size (-Xmx/-Xms)
#   Decrease number of Java threads
#   Decrease Java thread stack sizes (-Xss)
#   Set larger code cache with -XX:ReservedCodeCacheSize=
#   JVM is running with Unscaled Compressed Oops mode in which the Java heap is
#     placed in the first 4GB address space. The Java Heap base address is the
#     maximum limit for the native heap growth. Please use -XX:HeapBaseMinAddress
#     to set the Java Heap base and to place the Java Heap above 4GB virtual address.
# This output file may be truncated or incomplete.
#
#  Out of Memory Error (allocation.cpp:389), pid=31432, tid=0x0000000000009318
#
# JRE version: OpenJDK Runtime Environment (8.0_242-b01) (build 1.8.0_242-release-1644-b01)
# Java VM: OpenJDK 64-Bit Server VM (25.242-b01 mixed mode windows-amd64 compressed oops)
# Failed to write core dump. Minidumps are not enabled by default on client versions of Windows
#

---------------  T H R E A D  ---------------

Current thread (0x0000000017c1b000):  JavaThread "C2 CompilerThread1" daemon [_thread_in_native, id=37656, stack(0x0000000019360000,0x0000000019460000)]

Stack: [0x0000000019360000,0x0000000019460000]
[error occurred during error reporting (printing stack bounds), id 0xc0000005]

Native frames: (J=compiled Java code, j=interpreted, Vv=VM code, C=native code)


Current CompileTask:
C2:  71926 10389       4       com.android.tools.r8.ir.regalloc.a::a (3993 bytes)


---------------  P R O C E S S  ---------------

Java Threads: ( => current thread )
  0x000000001c2cb800 JavaThread "Cache worker for execution history cache (C:\Users\shara\abheri-playground\SharatAndroid\JoinMeeting\.gradle\6.1.1\executionHistory)" [_thread_blocked, id=13700, stack(0x0000000025430000,0x0000000025530000)]
  0x000000001c2c8000 JavaThread "Execution worker for ':' Thread 3" [_thread_in_Java, id=16536, stack(0x0000000025130000,0x0000000025230000)]
  0x000000001c2c0000 JavaThread "Execution worker for ':' Thread 2" [_thread_in_native, id=2180, stack(0x0000000025030000,0x0000000025130000)]
  0x000000001c2c7000 JavaThread "Execution worker for ':'" [_thread_in_Java, id=38020, stack(0x0000000024f30000,0x0000000025030000)]
  0x000000001c2c6800 JavaThread "Cache worker for file content cache (C:\Users\shara\abheri-playground\SharatAndroid\JoinMeeting\.gradle\6.1.1\fileContent)" [_thread_blocked, id=27252, stack(0x0000000024a30000,0x0000000024b30000)]
  0x000000001c2be800 JavaThread "Cache worker for file content cache (C:\Users\shara\.gradle\caches\6.1.1\fileContent)" [_thread_blocked, id=12804, stack(0x0000000024930000,0x0000000024a30000)]
  0x000000001c2c2800 JavaThread "Memory manager" [_thread_blocked, id=11332, stack(0x0000000024830000,0x0000000024930000)]
  0x000000001c2c5800 JavaThread "Cache worker for Build Output Cleanup Cache (C:\Users\shara\abheri-playground\SharatAndroid\JoinMeeting\.gradle\buildOutputCleanup)" [_thread_blocked, id=19412, stack(0x0000000023b30000,0x0000000023c30000)]
  0x000000001c2be000 JavaThread "Build operations Thread 4" [_thread_blocked, id=30448, stack(0x0000000023430000,0x0000000023530000)]
  0x000000001c2c1000 JavaThread "Build operations Thread 3" [_thread_blocked, id=34144, stack(0x0000000023330000,0x0000000023430000)]
  0x000000001c2bf800 JavaThread "Build operations Thread 2" [_thread_blocked, id=18828, stack(0x0000000023230000,0x0000000023330000)]
  0x000000001c2c1800 JavaThread "Build operations" [_thread_blocked, id=12048, stack(0x0000000023130000,0x0000000023230000)]
  0x000000001aaf1000 JavaThread "Cache worker for execution history cache (C:\Users\shara\.gradle\caches\6.1.1\executionHistory)" [_thread_blocked, id=22108, stack(0x0000000021460000,0x0000000021560000)]
  0x000000001aaef800 JavaThread "Cache worker for cache directory md-rule (C:\Users\shara\.gradle\caches\6.1.1\md-rule)" [_thread_blocked, id=21444, stack(0x0000000021360000,0x0000000021460000)]
  0x000000001aaf0800 JavaThread "Cache worker for cache directory md-supplier (C:\Users\shara\.gradle\caches\6.1.1\md-supplier)" [_thread_blocked, id=27940, stack(0x0000000021260000,0x0000000021360000)]
  0x000000001aaef000 JavaThread "Cache worker for file hash cache (C:\Users\shara\abheri-playground\SharatAndroid\JoinMeeting\.gradle\6.1.1\fileHashes)" [_thread_blocked, id=4412, stack(0x000000001fd20000,0x000000001fe20000)]
  0x000000001aaee000 JavaThread "Cache worker for checksums cache (C:\Users\shara\abheri-playground\SharatAndroid\JoinMeeting\.gradle\checksums)" [_thread_blocked, id=38048, stack(0x000000001fc20000,0x000000001fd20000)]
  0x000000001aaed800 JavaThread "Cache worker for file hash cache (C:\Users\shara\.gradle\caches\6.1.1\fileHashes)" [_thread_blocked, id=35172, stack(0x000000001d980000,0x000000001da80000)]
  0x000000001aaec800 JavaThread "File lock request listener" [_thread_in_native, id=1700, stack(0x000000001d880000,0x000000001d980000)]
  0x000000001aaec000 JavaThread "Cache worker for journal cache (C:\Users\shara\.gradle\caches\journal-1)" [_thread_blocked, id=31036, stack(0x000000001d780000,0x000000001d880000)]
  0x000000001aa2e000 JavaThread "Thread-9" [_thread_blocked, id=15296, stack(0x000000001d480000,0x000000001d580000)]
  0x000000001a082000 JavaThread "Asynchronous log dispatcher for DefaultDaemonConnection: socket connection from /127.0.0.1:58220 to /127.0.0.1:58221" [_thread_blocked, id=32656, stack(0x000000001d280000,0x000000001d380000)]
  0x0000000019925800 JavaThread "Daemon worker" [_thread_in_Java, id=32652, stack(0x000000001d180000,0x000000001d280000)]
  0x0000000019925000 JavaThread "Cancel handler" [_thread_blocked, id=34952, stack(0x000000001d080000,0x000000001d180000)]
  0x000000001a46a800 JavaThread "Handler for socket connection from /127.0.0.1:58220 to /127.0.0.1:58221" [_thread_in_native, id=10928, stack(0x000000001cd80000,0x000000001ce80000)]
  0x000000001a465800 JavaThread "Daemon" [_thread_blocked, id=25676, stack(0x000000001cc80000,0x000000001cd80000)]
  0x000000001964c800 JavaThread "Daemon periodic checks" [_thread_blocked, id=26612, stack(0x000000001cb80000,0x000000001cc80000)]
  0x000000001b3cf800 JavaThread "Incoming local TCP Connector on port 58220" [_thread_in_native, id=36552, stack(0x000000001c940000,0x000000001ca40000)]
  0x000000001b31b800 JavaThread "Daemon health stats" [_thread_blocked, id=31292, stack(0x000000001c300000,0x000000001c400000)]
  0x0000000019579800 JavaThread "Service Thread" daemon [_thread_blocked, id=14816, stack(0x0000000019960000,0x0000000019a60000)]
  0x0000000017c1e000 JavaThread "C1 CompilerThread2" daemon [_thread_blocked, id=37752, stack(0x0000000019460000,0x0000000019560000)]
=>0x0000000017c1b000 JavaThread "C2 CompilerThread1" daemon [_thread_in_native, id=37656, stack(0x0000000019360000,0x0000000019460000)]
  0x0000000017c13000 JavaThread "C2 CompilerThread0" daemon [_thread_in_native, id=29944, stack(0x0000000019260000,0x0000000019360000)]
  0x0000000017c11000 JavaThread "Attach Listener" daemon [_thread_blocked, id=24328, stack(0x0000000019160000,0x0000000019260000)]
  0x0000000017c15800 JavaThread "Signal Dispatcher" daemon [_thread_blocked, id=31508, stack(0x0000000019060000,0x0000000019160000)]
  0x0000000002feb000 JavaThread "Finalizer" daemon [_thread_blocked, id=28388, stack(0x0000000018e60000,0x0000000018f60000)]
  0x0000000017bf9000 JavaThread "Reference Handler" daemon [_thread_blocked, id=27356, stack(0x0000000018d60000,0x0000000018e60000)]
  0x0000000002ded800 JavaThread "main" [_thread_blocked, id=7480, stack(0x0000000002df0000,0x0000000002ef0000)]

Other Threads:
  0x0000000017bd6000 VMThread [stack: 0x0000000018c60000,0x0000000018d60000] [id=10312]
  0x0000000017c6d800 WatcherThread [stack: 0x0000000019a60000,0x0000000019b60000] [id=28552]

VM state:not at safepoint (normal execution)

VM Mutex/Monitor currently owned by a thread: None

heap address: 0x0000000080000000, size: 2048 MB, Compressed Oops mode: 32-bit
Narrow klass base: 0x0000000000000000, Narrow klass shift: 3
Compressed class space size: 1073741824 Address: 0x0000000100000000

Heap:
 PSYoungGen      total 314880K, used 231940K [0x00000000d5580000, 0x00000000eb300000, 0x0000000100000000)
  eden space 291328K, 71% used [0x00000000d5580000,0x00000000e2102888,0x00000000e7200000)
  from space 23552K, 99% used [0x00000000e7200000,0x00000000e88feb48,0x00000000e8900000)
  to   space 20992K, 0% used [0x00000000e8900000,0x00000000e8900000,0x00000000e9d80000)
 ParOldGen       total 83456K, used 46417K [0x0000000080000000, 0x0000000085180000, 0x00000000d5580000)
  object space 83456K, 55% used [0x0000000080000000,0x0000000082d54690,0x0000000085180000)
 Metaspace       used 69751K, capacity 72978K, committed 73240K, reserved 1112064K
  class space    used 9547K, capacity 10192K, committed 10288K, reserved 1048576K

Card table byte_map: [0x00000000123b0000,0x00000000127c0000] byte_map_base: 0x0000000011fb0000

Marking Bits: (ParMarkBitMap*) 0x0000000051a6f030
 Begin Bits: [0x0000000012e70000, 0x0000000014e70000)
 End Bits:   [0x0000000014e70000, 0x0000000016e70000)

Polling page: 0x0000000001110000

CodeCache: size=245760Kb used=31452Kb max_used=31489Kb free=214307Kb
 bounds [0x0000000002ff0000, 0x0000000004ed0000, 0x0000000011ff0000]
 total_blobs=10126 nmethods=9317 adapters=719
 compilation: enabled

Compilation events (10 events):
Event: 70.644 Thread 0x0000000017c1e000 10594       1       com.android.tools.r8.ir.conversion.A::d (2 bytes)
Event: 70.644 Thread 0x0000000017c1e000 nmethod 10594 0x0000000004eab510 code [0x0000000004eab660, 0x0000000004eab770]
Event: 70.824 Thread 0x0000000017c1e000 10596       1       com.android.tools.r8.ir.analysis.type.f::b (2 bytes)
Event: 70.824 Thread 0x0000000017c1e000 nmethod 10596 0x0000000004eab7d0 code [0x0000000004eab920, 0x0000000004eaba30]
Event: 71.838 Thread 0x0000000017c1e000 10597       2       com.android.tools.r8.v.a.a.a.f.U::equals (19 bytes)
Event: 71.838 Thread 0x0000000017c1e000 nmethod 10597 0x0000000004eaba90 code [0x0000000004eabc00, 0x0000000004eabe48]
Event: 71.888 Thread 0x0000000017c13000 nmethod 10451% 0x0000000004eb5810 code [0x0000000004eb63e0, 0x0000000004ebeb68]
Event: 71.889 Thread 0x0000000017c13000 10578       4       com.android.tools.r8.ir.conversion.N::a (737 bytes)
Event: 71.905 Thread 0x0000000017c1e000 10599       2       com.android.tools.r8.u.b.B::a (37 bytes)
Event: 71.906 Thread 0x0000000017c1e000 nmethod 10599 0x0000000004eb51d0 code [0x0000000004eb5360, 0x0000000004eb55e8]

GC Heap History (10 events):
Event: 19.838 GC heap before
{Heap before GC invocations=10 (full 2):
 PSYoungGen      total 228352K, used 8977K [0x00000000d5580000, 0x00000000e4300000, 0x0000000100000000)
  eden space 215552K, 0% used [0x00000000d5580000,0x00000000d5580000,0x00000000e2800000)
  from space 12800K, 70% used [0x00000000e3680000,0x00000000e3f444e8,0x00000000e4300000)
  to   space 13824K, 0% used [0x00000000e2800000,0x00000000e2800000,0x00000000e3580000)
 ParOldGen       total 36352K, used 13183K [0x0000000080000000, 0x0000000082380000, 0x00000000d5580000)
  object space 36352K, 36% used [0x0000000080000000,0x0000000080cdfe18,0x0000000082380000)
 Metaspace       used 34562K, capacity 35430K, committed 35496K, reserved 1079296K
  class space    used 4743K, capacity 5002K, committed 5040K, reserved 1048576K
Event: 20.111 GC heap after
Heap after GC invocations=10 (full 2):
 PSYoungGen      total 228352K, used 0K [0x00000000d5580000, 0x00000000e4300000, 0x0000000100000000)
  eden space 215552K, 0% used [0x00000000d5580000,0x00000000d5580000,0x00000000e2800000)
  from space 12800K, 0% used [0x00000000e3680000,0x00000000e3680000,0x00000000e4300000)
  to   space 13824K, 0% used [0x00000000e2800000,0x00000000e2800000,0x00000000e3580000)
 ParOldGen       total 52224K, used 15593K [0x0000000080000000, 0x0000000083300000, 0x00000000d5580000)
  object space 52224K, 29% used [0x0000000080000000,0x0000000080f3a4e8,0x0000000083300000)
 Metaspace       used 34562K, capacity 35430K, committed 35496K, reserved 1079296K
  class space    used 4743K, capacity 5002K, committed 5040K, reserved 1048576K
}
Event: 33.640 GC heap before
{Heap before GC invocations=11 (full 2):
 PSYoungGen      total 228352K, used 215552K [0x00000000d5580000, 0x00000000e4300000, 0x0000000100000000)
  eden space 215552K, 100% used [0x00000000d5580000,0x00000000e2800000,0x00000000e2800000)
  from space 12800K, 0% used [0x00000000e3680000,0x00000000e3680000,0x00000000e4300000)
  to   space 13824K, 0% used [0x00000000e2800000,0x00000000e2800000,0x00000000e3580000)
 ParOldGen       total 52224K, used 15593K [0x0000000080000000, 0x0000000083300000, 0x00000000d5580000)
  object space 52224K, 29% used [0x0000000080000000,0x0000000080f3a4e8,0x0000000083300000)
 Metaspace       used 53317K, capacity 55094K, committed 55336K, reserved 1097728K
  class space    used 7235K, capacity 7648K, committed 7728K, reserved 1048576K
Event: 34.448 GC heap after
Heap after GC invocations=11 (full 2):
 PSYoungGen      total 229376K, used 13804K [0x00000000d5580000, 0x00000000e9d80000, 0x0000000100000000)
  eden space 215552K, 0% used [0x00000000d5580000,0x00000000d5580000,0x00000000e2800000)
  from space 13824K, 99% used [0x00000000e2800000,0x00000000e357b330,0x00000000e3580000)
  to   space 20992K, 0% used [0x00000000e8900000,0x00000000e8900000,0x00000000e9d80000)
 ParOldGen       total 52224K, used 28357K [0x0000000080000000, 0x0000000083300000, 0x00000000d5580000)
  object space 52224K, 54% used [0x0000000080000000,0x0000000081bb1740,0x0000000083300000)
 Metaspace       used 53317K, capacity 55094K, committed 55336K, reserved 1097728K
  class space    used 7235K, capacity 7648K, committed 7728K, reserved 1048576K
}
Event: 37.655 GC heap before
{Heap before GC invocations=12 (full 2):
 PSYoungGen      total 229376K, used 64137K [0x00000000d5580000, 0x00000000e9d80000, 0x0000000100000000)
  eden space 215552K, 23% used [0x00000000d5580000,0x00000000d86a7428,0x00000000e2800000)
  from space 13824K, 99% used [0x00000000e2800000,0x00000000e357b330,0x00000000e3580000)
  to   space 20992K, 0% used [0x00000000e8900000,0x00000000e8900000,0x00000000e9d80000)
 ParOldGen       total 52224K, used 28357K [0x0000000080000000, 0x0000000083300000, 0x00000000d5580000)
  object space 52224K, 54% used [0x0000000080000000,0x0000000081bb1740,0x0000000083300000)
 Metaspace       used 57009K, capacity 58964K, committed 59160K, reserved 1099776K
  class space    used 7806K, capacity 8235K, committed 8240K, reserved 1048576K
Event: 38.048 GC heap after
Heap after GC invocations=12 (full 2):
 PSYoungGen      total 312320K, used 18371K [0x00000000d5580000, 0x00000000eb300000, 0x0000000100000000)
  eden space 291328K, 0% used [0x00000000d5580000,0x00000000d5580000,0x00000000e7200000)
  from space 20992K, 87% used [0x00000000e8900000,0x00000000e9af0c30,0x00000000e9d80000)
  to   space 23552K, 0% used [0x00000000e7200000,0x00000000e7200000,0x00000000e8900000)
 ParOldGen       total 52224K, used 28365K [0x0000000080000000, 0x0000000083300000, 0x00000000d5580000)
  object space 52224K, 54% used [0x0000000080000000,0x0000000081bb3740,0x0000000083300000)
 Metaspace       used 57009K, capacity 58964K, committed 59160K, reserved 1099776K
  class space    used 7806K, capacity 8235K, committed 8240K, reserved 1048576K
}
Event: 38.048 GC heap before
{Heap before GC invocations=13 (full 3):
 PSYoungGen      total 312320K, used 18371K [0x00000000d5580000, 0x00000000eb300000, 0x0000000100000000)
  eden space 291328K, 0% used [0x00000000d5580000,0x00000000d5580000,0x00000000e7200000)
  from space 20992K, 87% used [0x00000000e8900000,0x00000000e9af0c30,0x00000000e9d80000)
  to   space 23552K, 0% used [0x00000000e7200000,0x00000000e7200000,0x00000000e8900000)
 ParOldGen       total 52224K, used 28365K [0x0000000080000000, 0x0000000083300000, 0x00000000d5580000)
  object space 52224K, 54% used [0x0000000080000000,0x0000000081bb3740,0x0000000083300000)
 Metaspace       used 57009K, capacity 58964K, committed 59160K, reserved 1099776K
  class space    used 7806K, capacity 8235K, committed 8240K, reserved 1048576K
Event: 39.855 GC heap after
Heap after GC invocations=13 (full 3):
 PSYoungGen      total 312320K, used 0K [0x00000000d5580000, 0x00000000eb300000, 0x0000000100000000)
  eden space 291328K, 0% used [0x00000000d5580000,0x00000000d5580000,0x00000000e7200000)
  from space 20992K, 0% used [0x00000000e8900000,0x00000000e8900000,0x00000000e9d80000)
  to   space 23552K, 0% used [0x00000000e7200000,0x00000000e7200000,0x00000000e8900000)
 ParOldGen       total 83456K, used 34086K [0x0000000080000000, 0x0000000085180000, 0x00000000d5580000)
  object space 83456K, 40% used [0x0000000080000000,0x0000000082149998,0x0000000085180000)
 Metaspace       used 57009K, capacity 58964K, committed 59160K, reserved 1099776K
  class space    used 7806K, capacity 8235K, committed 8240K, reserved 1048576K
}
Event: 58.175 GC heap before
{Heap before GC invocations=14 (full 3):
 PSYoungGen      total 312320K, used 291328K [0x00000000d5580000, 0x00000000eb300000, 0x0000000100000000)
  eden space 291328K, 100% used [0x00000000d5580000,0x00000000e7200000,0x00000000e7200000)
  from space 20992K, 0% used [0x00000000e8900000,0x00000000e8900000,0x00000000e9d80000)
  to   space 23552K, 0% used [0x00000000e7200000,0x00000000e7200000,0x00000000e8900000)
 ParOldGen       total 83456K, used 34086K [0x0000000080000000, 0x0000000085180000, 0x00000000d5580000)
  object space 83456K, 40% used [0x0000000080000000,0x0000000082149998,0x0000000085180000)
 Metaspace       used 65707K, capacity 68710K, committed 68888K, reserved 1107968K
  class space    used 9053K, capacity 9674K, committed 9776K, reserved 1048576K
Event: 58.972 GC heap after
Heap after GC invocations=14 (full 3):
 PSYoungGen      total 314880K, used 23546K [0x00000000d5580000, 0x00000000eb300000, 0x0000000100000000)
  eden space 291328K, 0% used [0x00000000d5580000,0x00000000d5580000,0x00000000e7200000)
  from space 23552K, 99% used [0x00000000e7200000,0x00000000e88feb48,0x00000000e8900000)
  to   space 20992K, 0% used [0x00000000e8900000,0x00000000e8900000,0x00000000e9d80000)
 ParOldGen       total 83456K, used 46417K [0x0000000080000000, 0x0000000085180000, 0x00000000d5580000)
  object space 83456K, 55% used [0x0000000080000000,0x0000000082d54690,0x0000000085180000)
 Metaspace       used 65707K, capacity 68710K, committed 68888K, reserved 1107968K
  class space    used 9053K, capacity 9674K, committed 9776K, reserved 1048576K
}

Deoptimization events (10 events):
Event: 69.622 Thread 0x0000000019925800 Uncommon trap: reason=unstable_if action=reinterpret pc=0x00000000049c1c24 method=com.android.tools.r8.s.a.a.b.t0.b(I[Ljava/lang/Object;)Lcom/android/tools/r8/s/a/a/b/t0; @ 179
Event: 69.655 Thread 0x0000000019925800 Uncommon trap: reason=unstable_if action=reinterpret pc=0x00000000045ad8c4 method=com.android.tools.r8.graph.e0.a([C)I @ 29
Event: 69.974 Thread 0x000000001c2c7000 Uncommon trap: reason=unstable_if action=reinterpret pc=0x0000000004c8dbac method=com.android.tools.r8.B.a.a.f.a(Lcom/android/tools/r8/B/a/a/h;[Lcom/android/tools/r8/B/a/a/d;I)V @ 2650
Event: 69.987 Thread 0x000000001c2c7000 Uncommon trap: reason=class_check action=maybe_recompile pc=0x0000000004dd96d0 method=com.android.tools.r8.ir.conversion.N.a(Lcom/android/tools/r8/u/b/h0;Lcom/android/tools/r8/u/b/S0;)V @ 288
Event: 69.990 Thread 0x000000001c2c7000 Uncommon trap: reason=class_check action=maybe_recompile pc=0x0000000004e49b70 method=com.android.tools.r8.u.b.n.c(Lcom/android/tools/r8/u/b/n;)Z @ 29
Event: 69.990 Thread 0x000000001c2c7000 Uncommon trap: reason=class_check action=maybe_recompile pc=0x0000000004e49b70 method=com.android.tools.r8.u.b.n.c(Lcom/android/tools/r8/u/b/n;)Z @ 29
Event: 69.990 Thread 0x000000001c2c7000 Uncommon trap: reason=class_check action=maybe_recompile pc=0x0000000004dd96d0 method=com.android.tools.r8.ir.conversion.N.a(Lcom/android/tools/r8/u/b/h0;Lcom/android/tools/r8/u/b/S0;)V @ 288
Event: 70.364 Thread 0x000000001c2c7000 Uncommon trap: reason=class_check action=maybe_recompile pc=0x0000000004e49b70 method=com.android.tools.r8.u.b.n.c(Lcom/android/tools/r8/u/b/n;)Z @ 29
Event: 70.364 Thread 0x000000001c2c7000 Uncommon trap: reason=class_check action=maybe_recompile pc=0x0000000004e49b70 method=com.android.tools.r8.u.b.n.c(Lcom/android/tools/r8/u/b/n;)Z @ 29
Event: 70.367 Thread 0x000000001c2c7000 Uncommon trap: reason=class_check action=maybe_recompile pc=0x0000000004dd96d0 method=com.android.tools.r8.ir.conversion.N.a(Lcom/android/tools/r8/u/b/h0;Lcom/android/tools/r8/u/b/S0;)V @ 288

Classes redefined (0 events):
No events

Internal exceptions (10 events):
Event: 53.024 Thread 0x000000001c2c7000 Exception <a 'sun/nio/fs/WindowsException'> (0x00000000e0b22f80) thrown at [C:\src\AOSP-openjdk-git\hotspot\src\share\vm\prims\jni.cpp, line 710]
Event: 53.024 Thread 0x000000001c2c7000 Exception <a 'sun/nio/fs/WindowsException'> (0x00000000e0b23cd0) thrown at [C:\src\AOSP-openjdk-git\hotspot\src\share\vm\prims\jni.cpp, line 710]
Event: 53.025 Thread 0x000000001c2c7000 Exception <a 'sun/nio/fs/WindowsException'> (0x00000000e0b25d60) thrown at [C:\src\AOSP-openjdk-git\hotspot\src\share\vm\prims\jni.cpp, line 710]
Event: 53.025 Thread 0x000000001c2c7000 Exception <a 'sun/nio/fs/WindowsException'> (0x00000000e0b26a50) thrown at [C:\src\AOSP-openjdk-git\hotspot\src\share\vm\prims\jni.cpp, line 710]
Event: 53.026 Thread 0x000000001c2c7000 Exception <a 'sun/nio/fs/WindowsException'> (0x00000000e0b277b0) thrown at [C:\src\AOSP-openjdk-git\hotspot\src\share\vm\prims\jni.cpp, line 710]
Event: 55.652 Thread 0x0000000019925800 Exception <a 'java/lang/NoSuchMethodError': java.lang.Object.lambda$static$0(Ljava/lang/String;)Z> (0x00000000e12d38c0) thrown at [C:\src\AOSP-openjdk-git\hotspot\src\share\vm\interpreter\linkResolver.cpp, line 620]
Event: 55.921 Thread 0x000000001c2c8000 Exception <a 'sun/nio/fs/WindowsException'> (0x00000000e2720a78) thrown at [C:\src\AOSP-openjdk-git\hotspot\src\share\vm\prims\jni.cpp, line 710]
Event: 56.039 Thread 0x000000001c2c7000 Exception <a 'sun/nio/fs/WindowsException'> (0x00000000e31f6530) thrown at [C:\src\AOSP-openjdk-git\hotspot\src\share\vm\prims\jni.cpp, line 710]
Event: 56.316 Thread 0x0000000019925800 Exception <a 'sun/nio/fs/WindowsException'> (0x00000000e3b7a730) thrown at [C:\src\AOSP-openjdk-git\hotspot\src\share\vm\prims\jni.cpp, line 710]
Event: 60.517 Thread 0x000000001c2c8000 Exception <a 'java/lang/NoSuchMethodError': java.lang.Object.lambda$maxBy$1(Ljava/util/Comparator;Ljava/lang/Object;Ljava/lang/Object;)Ljava/lang/Object;> (0x00000000d61ed5c0) thrown at [C:\src\AOSP-openjdk-git\hotspot\src\share\vm\interpreter\linkResolve

Events (10 events):
Event: 70.367 Thread 0x000000001c2c7000 DEOPT PACKING pc=0x0000000004dd96d0 sp=0x000000002502a310
Event: 70.367 Thread 0x000000001c2c7000 DEOPT UNPACKING pc=0x000000000303557b sp=0x000000002502a328 mode 2
Event: 70.376 loading class com/android/tools/r8/code/z2
Event: 70.376 loading class com/android/tools/r8/code/z2 done
Event: 70.430 loading class com/android/tools/r8/code/B2
Event: 70.430 loading class com/android/tools/r8/code/B2 done
Event: 70.465 loading class com/android/tools/r8/code/A2
Event: 70.465 loading class com/android/tools/r8/code/A2 done
Event: 71.885 Thread 0x000000001c2c8000 DEOPT PACKING pc=0x0000000004a1b5a5 sp=0x0000000025229b30
Event: 71.885 Thread 0x000000001c2c8000 DEOPT UNPACKING pc=0x00000000030375d0 sp=0x0000000025229be8 mode 0


Dynamic libraries:
0x00007ff6b2ff0000 - 0x00007ff6b3021000 	C:\Program Files\Android\Android Studio\jre\bin\java.exe
0x00007ffae71c0000 - 0x00007ffae73b0000 	C:\Windows\SYSTEM32\ntdll.dll
0x00007ffae6530000 - 0x00007ffae65e2000 	C:\Windows\System32\KERNEL32.DLL
0x00007ffae4510000 - 0x00007ffae47b4000 	C:\Windows\System32\KERNELBASE.dll
0x00007ffae5e80000 - 0x00007ffae5f23000 	C:\Windows\System32\ADVAPI32.dll
0x00007ffae6850000 - 0x00007ffae68ee000 	C:\Windows\System32\msvcrt.dll
0x00007ffae6d70000 - 0x00007ffae6e07000 	C:\Windows\System32\sechost.dll
0x00007ffae6e10000 - 0x00007ffae6f30000 	C:\Windows\System32\RPCRT4.dll
0x00007ffae5fe0000 - 0x00007ffae6174000 	C:\Windows\System32\USER32.dll
0x00007ffae4960000 - 0x00007ffae4981000 	C:\Windows\System32\win32u.dll
0x00007ffae5b60000 - 0x00007ffae5b86000 	C:\Windows\System32\GDI32.dll
0x00007ffae47c0000 - 0x00007ffae4956000 	C:\Windows\System32\gdi32full.dll
0x00007ffae51d0000 - 0x00007ffae526e000 	C:\Windows\System32\msvcp_win.dll
0x00007ffae4340000 - 0x00007ffae443a000 	C:\Windows\System32\ucrtbase.dll
0x00007ffacbaa0000 - 0x00007ffacbd24000 	C:\Windows\WinSxS\amd64_microsoft.windows.common-controls_6595b64144ccf1df_6.0.18362.959_none_e6c7bbbf130c62bb\COMCTL32.dll
0x00007ffae61f0000 - 0x00007ffae6525000 	C:\Windows\System32\combase.dll
0x00007ffae4440000 - 0x00007ffae44c0000 	C:\Windows\System32\bcryptPrimitives.dll
0x00007ffae6600000 - 0x00007ffae662e000 	C:\Windows\System32\IMM32.DLL
0x0000000050790000 - 0x0000000050862000 	C:\Program Files\Android\Android Studio\jre\jre\bin\msvcr100.dll
0x00000000512a0000 - 0x0000000051aeb000 	C:\Program Files\Android\Android Studio\jre\jre\bin\server\jvm.dll
0x00007ffae6630000 - 0x00007ffae6638000 	C:\Windows\System32\PSAPI.DLL
0x00007ffade500000 - 0x00007ffade524000 	C:\Windows\SYSTEM32\WINMM.dll
0x00007ffac78f0000 - 0x00007ffac78f9000 	C:\Windows\SYSTEM32\WSOCK32.dll
0x00007ffad6d70000 - 0x00007ffad6d7a000 	C:\Windows\SYSTEM32\VERSION.dll
0x00007ffae6180000 - 0x00007ffae61ef000 	C:\Windows\System32\WS2_32.dll
0x00007ffade4d0000 - 0x00007ffade4fd000 	C:\Windows\SYSTEM32\winmmbase.dll
0x00007ffae5180000 - 0x00007ffae51ca000 	C:\Windows\System32\cfgmgr32.dll
0x00007ffadd3c0000 - 0x00007ffadd3cf000 	C:\Program Files\Android\Android Studio\jre\jre\bin\verify.dll
0x00007ffad8be0000 - 0x00007ffad8c09000 	C:\Program Files\Android\Android Studio\jre\jre\bin\java.dll
0x00007ffad8bc0000 - 0x00007ffad8bd6000 	C:\Program Files\Android\Android Studio\jre\jre\bin\zip.dll
0x00007ffae5270000 - 0x00007ffae5956000 	C:\Windows\System32\SHELL32.dll
0x00007ffae5f30000 - 0x00007ffae5fd9000 	C:\Windows\System32\shcore.dll
0x00007ffae49f0000 - 0x00007ffae5172000 	C:\Windows\System32\windows.storage.dll
0x00007ffae40a0000 - 0x00007ffae40c3000 	C:\Windows\System32\profapi.dll
0x00007ffae40f0000 - 0x00007ffae413a000 	C:\Windows\System32\powrprof.dll
0x00007ffae4070000 - 0x00007ffae4080000 	C:\Windows\System32\UMPDC.dll
0x00007ffae5aa0000 - 0x00007ffae5af2000 	C:\Windows\System32\shlwapi.dll
0x00007ffae40d0000 - 0x00007ffae40e1000 	C:\Windows\System32\kernel.appcore.dll
0x00007ffae44f0000 - 0x00007ffae4507000 	C:\Windows\System32\cryptsp.dll
0x00007ffada4f0000 - 0x00007ffada50a000 	C:\Program Files\Android\Android Studio\jre\jre\bin\net.dll
0x00007ffae38e0000 - 0x00007ffae3947000 	C:\Windows\system32\mswsock.dll
0x00007ffada4d0000 - 0x00007ffada4e3000 	C:\Program Files\Android\Android Studio\jre\jre\bin\nio.dll
0x00007ffac9f40000 - 0x00007ffac9f66000 	C:\Users\shara\.gradle\native\31\windows-amd64\native-platform.dll
0x00007ffade5d0000 - 0x00007ffade5dd000 	C:\Program Files\Android\Android Studio\jre\jre\bin\management.dll
0x00007ffae33f0000 - 0x00007ffae3423000 	C:\Windows\system32\rsaenh.dll
0x00007ffae44c0000 - 0x00007ffae44e6000 	C:\Windows\System32\bcrypt.dll
0x00007ffae3f60000 - 0x00007ffae3f85000 	C:\Windows\SYSTEM32\USERENV.dll
0x00007ffae3ab0000 - 0x00007ffae3abc000 	C:\Windows\SYSTEM32\CRYPTBASE.dll
0x00007ffae3590000 - 0x00007ffae35ca000 	C:\Windows\SYSTEM32\IPHLPAPI.DLL
0x00007ffae6d60000 - 0x00007ffae6d68000 	C:\Windows\System32\NSI.dll
0x00007ffad3b80000 - 0x00007ffad3b96000 	C:\Windows\SYSTEM32\dhcpcsvc6.DLL
0x00007ffad3b60000 - 0x00007ffad3b7c000 	C:\Windows\SYSTEM32\dhcpcsvc.DLL
0x00007ffae35d0000 - 0x00007ffae369b000 	C:\Windows\SYSTEM32\DNSAPI.dll

VM Arguments:
jvm_args: -Xmx2048m -Dfile.encoding=windows-1252 -Duser.country=IN -Duser.language=en -Duser.variant 
java_command: org.gradle.launcher.daemon.bootstrap.GradleDaemon 6.1.1
java_class_path (initial): C:\Users\shara\.gradle\wrapper\dists\gradle-6.1.1-all\cfmwm155h49vnt3hynmlrsdst\gradle-6.1.1\lib\gradle-launcher-6.1.1.jar
Launcher Type: SUN_STANDARD

Environment Variables:
PATH=C:\Program Files (x86)\Common Files\Oracle\Java\javapath;C:\Windows\system32;C:\Windows;C:\Windows\System32\Wbem;C:\Windows\System32\WindowsPowerShell\v1.0\;C:\Windows\System32\OpenSSH\;C:\Program Files\Git\cmd;C:\Users\shara\AppData\Local\Microsoft\WindowsApps;
USERNAME=shara
OS=Windows_NT
PROCESSOR_IDENTIFIER=Intel64 Family 6 Model 142 Stepping 12, GenuineIntel



---------------  S Y S T E M  ---------------

OS: Windows 10.0 , 64 bit Build 18362 (10.0.18362.959)

CPU:total 4 (initial active 4) (2 cores per cpu, 2 threads per core) family 6 model 142 stepping 12, cmov, cx8, fxsr, mmx, sse, sse2, sse3, ssse3, sse4.1, sse4.2, popcnt, avx, avx2, aes, clmul, erms, 3dnowpref, lzcnt, ht, tsc, tscinvbit, bmi1, bmi2, adx

Memory: 4k page, physical 3974368k(134336k free), swap 16032992k(7392k free)

vm_info: OpenJDK 64-Bit Server VM (25.242-b01) for windows-amd64 JRE (1.8.0_242-release-1644-b01), built by "builder" with MS VC++ 10.0 (VS2010)

time: Fri Aug 14 22:22:18 2020
timezone: India Standard Time
elapsed time: 71 seconds (0d 0h 1m 11s)

